#
# There is insufficient memory for the Java Runtime Environment to continue.
# Native memory allocation (mmap) failed to map 65536 bytes for Failed to commit metaspace.
# Possible reasons:
#   The system is out of physical RAM or swap space
#   The process is running with CompressedOops enabled, and the Java Heap may be blocking the growth of the native heap
# Possible solutions:
#   Reduce memory load on the system
#   Increase physical memory or swap space
#   Check if swap backing store is full
#   Decrease Java heap size (-Xmx/-Xms)
#   Decrease number of Java threads
#   Decrease Java thread stack sizes (-Xss)
#   Set larger code cache with -XX:ReservedCodeCacheSize=
#   JVM is running with Zero Based Compressed Oops mode in which the Java heap is
#     placed in the first 32GB address space. The Java Heap base address is the
#     maximum limit for the native heap growth. Please use -XX:HeapBaseMinAddress
#     to set the Java Heap base and to place the Java Heap above 32GB virtual address.
# This output file may be truncated or incomplete.
#
#  Out of Memory Error (virtualSpaceNode.cpp:110), pid=17752, tid=7572
#
# JRE version: Java(TM) SE Runtime Environment (17.0.5+9) (build 17.0.5+9-LTS-191)
# Java VM: Java HotSpot(TM) 64-Bit Server VM (17.0.5+9-LTS-191, mixed mode, emulated-client, sharing, tiered, compressed oops, compressed class ptrs, g1 gc, windows-amd64)
# No core dump will be written. Minidumps are not enabled by default on client versions of Windows
#

---------------  S U M M A R Y ------------

Command Line: -XX:TieredStopAtLevel=1 -Dspring.output.ansi.enabled=always -Dcom.sun.management.jmxremote -Dspring.jmx.enabled=true -Dspring.liveBeansView.mbeanDomain -Dspring.application.admin.enabled=true -Dmanagement.endpoints.jmx.exposure.include=* -javaagent:E:\newintelij\IntelliJ IDEA 2025.1\lib\idea_rt.jar=57014 -Dfile.encoding=UTF-8 org.solutions.produitservice.ProduitServiceApplication

Host: Intel(R) Core(TM) i5-4590 CPU @ 3.30GHz, 4 cores, 15G,  Windows 10 , 64 bit Build 19041 (10.0.19041.5915)
Time: Tue Dec  9 00:40:32 2025 Maroc (heure d64 bit Build 19041 (10.0.19041.5915) elapsed time: 0.550390 seconds (0d 0h 0m 0s)

---------------  T H R E A D  ---------------

Current thread (0x0000023359bcba40):  JavaThread "Monitor Ctrl-Break" daemon [_thread_in_vm, id=7572, stack(0x000000c3eaf00000,0x000000c3eb000000)]

Stack: [0x000000c3eaf00000,0x000000c3eb000000]
Native frames: (J=compiled Java code, j=interpreted, Vv=VM code, C=native code)
V  [jvm.dll+0x672eea]
V  [jvm.dll+0x7d2a04]
V  [jvm.dll+0x7d41ae]
V  [jvm.dll+0x7d4813]
V  [jvm.dll+0x242c15]
V  [jvm.dll+0x7ce9ab]
V  [jvm.dll+0x618bb6]
V  [jvm.dll+0x618c1a]
V  [jvm.dll+0x61b42a]
V  [jvm.dll+0x619556]
V  [jvm.dll+0x238720]
V  [jvm.dll+0x1e885d]
V  [jvm.dll+0x1de2a1]
V  [jvm.dll+0x5393e0]
V  [jvm.dll+0x1eea87]
V  [jvm.dll+0x74c92b]
V  [jvm.dll+0x74dcd2]
V  [jvm.dll+0x74e008]
V  [jvm.dll+0x23b08e]
V  [jvm.dll+0x37b6ce]
C  0x0000023349e69ad7

Java frames: (J=compiled Java code, j=interpreted, Vv=VM code)
j  java.net.Socket.setImpl()V+27 java.base@17.0.5
j  java.net.Socket.<init>(Ljava/net/SocketAddress;Ljava/net/SocketAddress;Z)V+46 java.base@17.0.5
j  java.net.Socket.<init>(Ljava/lang/String;I)V+34 java.base@17.0.5
j  com.intellij.rt.execution.application.AppMainV2$1.run()V+10
v  ~StubRoutines::call_stub

---------------  P R O C E S S  ---------------

Threads class SMR info:
_java_thread_list=0x0000023359bcb0d0, length=14, elements={
0x00000233425ef860, 0x00000233589b1500, 0x00000233589b2280, 0x00000233589c6b80,
0x00000233589c7440, 0x00000233589c7d00, 0x00000233589c85c0, 0x00000233589c9490,
0x0000023359408070, 0x00000233589a1410, 0x000002335959daa0, 0x000002335959e650,
0x0000023359bcba40, 0x0000023359bcbf10
}

Java Threads: ( => current thread )
  0x00000233425ef860 JavaThread "main" [_thread_blocked, id=16228, stack(0x000000c3e9a00000,0x000000c3e9b00000)]
  0x00000233589b1500 JavaThread "Reference Handler" daemon [_thread_blocked, id=3012, stack(0x000000c3ea100000,0x000000c3ea200000)]
  0x00000233589b2280 JavaThread "Finalizer" daemon [_thread_blocked, id=10068, stack(0x000000c3ea200000,0x000000c3ea300000)]
  0x00000233589c6b80 JavaThread "Signal Dispatcher" daemon [_thread_blocked, id=14652, stack(0x000000c3ea300000,0x000000c3ea400000)]
  0x00000233589c7440 JavaThread "Attach Listener" daemon [_thread_in_vm, id=16004, stack(0x000000c3ea400000,0x000000c3ea500000)]
  0x00000233589c7d00 JavaThread "Service Thread" daemon [_thread_blocked, id=16140, stack(0x000000c3ea500000,0x000000c3ea600000)]
  0x00000233589c85c0 JavaThread "Monitor Deflation Thread" daemon [_thread_blocked, id=4668, stack(0x000000c3ea600000,0x000000c3ea700000)]
  0x00000233589c9490 JavaThread "C1 CompilerThread0" daemon [_thread_blocked, id=17836, stack(0x000000c3ea700000,0x000000c3ea800000)]
  0x0000023359408070 JavaThread "Sweeper thread" daemon [_thread_blocked, id=16620, stack(0x000000c3ea800000,0x000000c3ea900000)]
  0x00000233589a1410 JavaThread "Common-Cleaner" daemon [_thread_blocked, id=9484, stack(0x000000c3ea900000,0x000000c3eaa00000)]
  0x000002335959daa0 JavaThread "C1 CompilerThread1" daemon [_thread_blocked, id=10092, stack(0x000000c3eaa00000,0x000000c3eab00000)]
  0x000002335959e650 JavaThread "C1 CompilerThread2" daemon [_thread_blocked, id=3740, stack(0x000000c3eab00000,0x000000c3eac00000)]
=>0x0000023359bcba40 JavaThread "Monitor Ctrl-Break" daemon [_thread_in_vm, id=7572, stack(0x000000c3eaf00000,0x000000c3eb000000)]
  0x0000023359bcbf10 JavaThread "Notification Thread" daemon [_thread_blocked, id=5588, stack(0x000000c3eb000000,0x000000c3eb100000)]

Other Threads:
  0x00000233589add20 VMThread "VM Thread" [stack: 0x000000c3ea000000,0x000000c3ea100000] [id=9320]
  0x000002334265af60 GCTaskThread "GC Thread#0" [stack: 0x000000c3e9b00000,0x000000c3e9c00000] [id=17152]
  0x0000023359a53be0 GCTaskThread "GC Thread#1" [stack: 0x000000c3eac00000,0x000000c3ead00000] [id=10312]
  0x0000023359a53e90 GCTaskThread "GC Thread#2" [stack: 0x000000c3ead00000,0x000000c3eae00000] [id=6840]
  0x0000023359a54140 GCTaskThread "GC Thread#3" [stack: 0x000000c3eae00000,0x000000c3eaf00000] [id=15688]
  0x000002334266cc50 ConcurrentGCThread "G1 Main Marker" [stack: 0x000000c3e9c00000,0x000000c3e9d00000] [id=14748]
  0x000002334266dd10 ConcurrentGCThread "G1 Conc#0" [stack: 0x000000c3e9d00000,0x000000c3e9e00000] [id=16592]
  0x00000233426ae210 ConcurrentGCThread "G1 Refine#0" [stack: 0x000000c3e9e00000,0x000000c3e9f00000] [id=17940]
  0x000002335886b4b0 ConcurrentGCThread "G1 Service" [stack: 0x000000c3e9f00000,0x000000c3ea000000] [id=15824]

Threads with active compile tasks:

VM state: not at safepoint (normal execution)

VM Mutex/Monitor currently owned by a thread:  ([mutex/lock_event])
[0x00000233425e9990] Metaspace_lock - owner thread: 0x0000023359bcba40

Heap address: 0x0000000701600000, size: 4074 MB, Compressed Oops mode: Zero based, Oop shift amount: 3

CDS archive(s) mapped at: [0x0000000800000000-0x0000000800bd0000-0x0000000800bd0000), size 12386304, SharedBaseAddress: 0x0000000800000000, ArchiveRelocationMode: 0.
Compressed class space mapped at: 0x0000000800c00000-0x0000000840c00000, reserved size: 1073741824
Narrow klass base: 0x0000000800000000, Narrow klass shift: 0, Narrow klass range: 0x100000000

GC Precious Log:
 CPUs: 4 total, 4 available
 Memory: 16295M
 Large Page Support: Disabled
 NUMA Support: Disabled
 Compressed Oops: Enabled (Zero based)
 Heap Region Size: 2M
 Heap Min Capacity: 8M
 Heap Initial Capacity: 256M
 Heap Max Capacity: 4074M
 Pre-touch: Disabled
 Parallel Workers: 4
 Concurrent Workers: 1
 Concurrent Refinement Workers: 4
 Periodic GC: Disabled

Heap:
 garbage-first heap   total 262144K, used 10850K [0x0000000701600000, 0x0000000800000000)
  region size 2048K, 3 young (6144K), 1 survivors (2048K)
 Metaspace       used 931K, committed 1088K, reserved 1056768K
  class space    used 81K, committed 192K, reserved 1048576K

Heap Regions: E=young(eden), S=young(survivor), O=old, HS=humongous(starts), HC=humongous(continues), CS=collection set, F=free, OA=open archive, CA=closed archive, TAMS=top-at-mark-start (previous, next)
|   0|0x0000000701600000, 0x0000000701800000, 0x0000000701800000|100%| O|  |TAMS 0x0000000701600000, 0x0000000701600000| Untracked 
|   1|0x0000000701800000, 0x0000000701a00000, 0x0000000701a00000|100%| O|  |TAMS 0x0000000701800000, 0x0000000701800000| Untracked 
|   2|0x0000000701a00000, 0x0000000701c00000, 0x0000000701c00000|100%| O|  |TAMS 0x0000000701a00000, 0x0000000701a00000| Untracked 
|   3|0x0000000701c00000, 0x0000000701c98a00, 0x0000000701e00000| 29%| O|  |TAMS 0x0000000701c00000, 0x0000000701c00000| Untracked 
|   4|0x0000000701e00000, 0x0000000701e00000, 0x0000000702000000|  0%| F|  |TAMS 0x0000000701e00000, 0x0000000701e00000| Untracked 
|   5|0x0000000702000000, 0x0000000702000000, 0x0000000702200000|  0%| F|  |TAMS 0x0000000702000000, 0x0000000702000000| Untracked 
|   6|0x0000000702200000, 0x0000000702200000, 0x0000000702400000|  0%| F|  |TAMS 0x0000000702200000, 0x0000000702200000| Untracked 
|   7|0x0000000702400000, 0x0000000702400000, 0x0000000702600000|  0%| F|  |TAMS 0x0000000702400000, 0x0000000702400000| Untracked 
|   8|0x0000000702600000, 0x0000000702600000, 0x0000000702800000|  0%| F|  |TAMS 0x0000000702600000, 0x0000000702600000| Untracked 
|   9|0x0000000702800000, 0x0000000702800000, 0x0000000702a00000|  0%| F|  |TAMS 0x0000000702800000, 0x0000000702800000| Untracked 
|  10|0x0000000702a00000, 0x0000000702a00000, 0x0000000702c00000|  0%| F|  |TAMS 0x0000000702a00000, 0x0000000702a00000| Untracked 
|  11|0x0000000702c00000, 0x0000000702c00000, 0x0000000702e00000|  0%| F|  |TAMS 0x0000000702c00000, 0x0000000702c00000| Untracked 
|  12|0x0000000702e00000, 0x0000000702e00000, 0x0000000703000000|  0%| F|  |TAMS 0x0000000702e00000, 0x0000000702e00000| Untracked 
|  13|0x0000000703000000, 0x0000000703000000, 0x0000000703200000|  0%| F|  |TAMS 0x0000000703000000, 0x0000000703000000| Untracked 
|  14|0x0000000703200000, 0x0000000703200000, 0x0000000703400000|  0%| F|  |TAMS 0x0000000703200000, 0x0000000703200000| Untracked 
|  15|0x0000000703400000, 0x0000000703400000, 0x0000000703600000|  0%| F|  |TAMS 0x0000000703400000, 0x0000000703400000| Untracked 
|  16|0x0000000703600000, 0x0000000703600000, 0x0000000703800000|  0%| F|  |TAMS 0x0000000703600000, 0x0000000703600000| Untracked 
|  17|0x0000000703800000, 0x0000000703800000, 0x0000000703a00000|  0%| F|  |TAMS 0x0000000703800000, 0x0000000703800000| Untracked 
|  18|0x0000000703a00000, 0x0000000703a00000, 0x0000000703c00000|  0%| F|  |TAMS 0x0000000703a00000, 0x0000000703a00000| Untracked 
|  19|0x0000000703c00000, 0x0000000703c00000, 0x0000000703e00000|  0%| F|  |TAMS 0x0000000703c00000, 0x0000000703c00000| Untracked 
|  20|0x0000000703e00000, 0x0000000703e00000, 0x0000000704000000|  0%| F|  |TAMS 0x0000000703e00000, 0x0000000703e00000| Untracked 
|  21|0x0000000704000000, 0x0000000704000000, 0x0000000704200000|  0%| F|  |TAMS 0x0000000704000000, 0x0000000704000000| Untracked 
|  22|0x0000000704200000, 0x0000000704200000, 0x0000000704400000|  0%| F|  |TAMS 0x0000000704200000, 0x0000000704200000| Untracked 
|  23|0x0000000704400000, 0x0000000704400000, 0x0000000704600000|  0%| F|  |TAMS 0x0000000704400000, 0x0000000704400000| Untracked 
|  24|0x0000000704600000, 0x0000000704600000, 0x0000000704800000|  0%| F|  |TAMS 0x0000000704600000, 0x0000000704600000| Untracked 
|  25|0x0000000704800000, 0x0000000704800000, 0x0000000704a00000|  0%| F|  |TAMS 0x0000000704800000, 0x0000000704800000| Untracked 
|  26|0x0000000704a00000, 0x0000000704a00000, 0x0000000704c00000|  0%| F|  |TAMS 0x0000000704a00000, 0x0000000704a00000| Untracked 
|  27|0x0000000704c00000, 0x0000000704c00000, 0x0000000704e00000|  0%| F|  |TAMS 0x0000000704c00000, 0x0000000704c00000| Untracked 
|  28|0x0000000704e00000, 0x0000000704e00000, 0x0000000705000000|  0%| F|  |TAMS 0x0000000704e00000, 0x0000000704e00000| Untracked 
|  29|0x0000000705000000, 0x0000000705000000, 0x0000000705200000|  0%| F|  |TAMS 0x0000000705000000, 0x0000000705000000| Untracked 
|  30|0x0000000705200000, 0x0000000705200000, 0x0000000705400000|  0%| F|  |TAMS 0x0000000705200000, 0x0000000705200000| Untracked 
|  31|0x0000000705400000, 0x0000000705400000, 0x0000000705600000|  0%| F|  |TAMS 0x0000000705400000, 0x0000000705400000| Untracked 
|  32|0x0000000705600000, 0x0000000705600000, 0x0000000705800000|  0%| F|  |TAMS 0x0000000705600000, 0x0000000705600000| Untracked 
|  33|0x0000000705800000, 0x0000000705800000, 0x0000000705a00000|  0%| F|  |TAMS 0x0000000705800000, 0x0000000705800000| Untracked 
|  34|0x0000000705a00000, 0x0000000705a00000, 0x0000000705c00000|  0%| F|  |TAMS 0x0000000705a00000, 0x0000000705a00000| Untracked 
|  35|0x0000000705c00000, 0x0000000705c00000, 0x0000000705e00000|  0%| F|  |TAMS 0x0000000705c00000, 0x0000000705c00000| Untracked 
|  36|0x0000000705e00000, 0x0000000705e00000, 0x0000000706000000|  0%| F|  |TAMS 0x0000000705e00000, 0x0000000705e00000| Untracked 
|  37|0x0000000706000000, 0x0000000706000000, 0x0000000706200000|  0%| F|  |TAMS 0x0000000706000000, 0x0000000706000000| Untracked 
|  38|0x0000000706200000, 0x0000000706200000, 0x0000000706400000|  0%| F|  |TAMS 0x0000000706200000, 0x0000000706200000| Untracked 
|  39|0x0000000706400000, 0x0000000706400000, 0x0000000706600000|  0%| F|  |TAMS 0x0000000706400000, 0x0000000706400000| Untracked 
|  40|0x0000000706600000, 0x0000000706600000, 0x0000000706800000|  0%| F|  |TAMS 0x0000000706600000, 0x0000000706600000| Untracked 
|  41|0x0000000706800000, 0x0000000706800000, 0x0000000706a00000|  0%| F|  |TAMS 0x0000000706800000, 0x0000000706800000| Untracked 
|  42|0x0000000706a00000, 0x0000000706a00000, 0x0000000706c00000|  0%| F|  |TAMS 0x0000000706a00000, 0x0000000706a00000| Untracked 
|  43|0x0000000706c00000, 0x0000000706c00000, 0x0000000706e00000|  0%| F|  |TAMS 0x0000000706c00000, 0x0000000706c00000| Untracked 
|  44|0x0000000706e00000, 0x0000000706e00000, 0x0000000707000000|  0%| F|  |TAMS 0x0000000706e00000, 0x0000000706e00000| Untracked 
|  45|0x0000000707000000, 0x0000000707000000, 0x0000000707200000|  0%| F|  |TAMS 0x0000000707000000, 0x0000000707000000| Untracked 
|  46|0x0000000707200000, 0x0000000707200000, 0x0000000707400000|  0%| F|  |TAMS 0x0000000707200000, 0x0000000707200000| Untracked 
|  47|0x0000000707400000, 0x0000000707400000, 0x0000000707600000|  0%| F|  |TAMS 0x0000000707400000, 0x0000000707400000| Untracked 
|  48|0x0000000707600000, 0x0000000707600000, 0x0000000707800000|  0%| F|  |TAMS 0x0000000707600000, 0x0000000707600000| Untracked 
|  49|0x0000000707800000, 0x0000000707800000, 0x0000000707a00000|  0%| F|  |TAMS 0x0000000707800000, 0x0000000707800000| Untracked 
|  50|0x0000000707a00000, 0x0000000707a00000, 0x0000000707c00000|  0%| F|  |TAMS 0x0000000707a00000, 0x0000000707a00000| Untracked 
|  51|0x0000000707c00000, 0x0000000707c00000, 0x0000000707e00000|  0%| F|  |TAMS 0x0000000707c00000, 0x0000000707c00000| Untracked 
|  52|0x0000000707e00000, 0x0000000707e00000, 0x0000000708000000|  0%| F|  |TAMS 0x0000000707e00000, 0x0000000707e00000| Untracked 
|  53|0x0000000708000000, 0x0000000708000000, 0x0000000708200000|  0%| F|  |TAMS 0x0000000708000000, 0x0000000708000000| Untracked 
|  54|0x0000000708200000, 0x0000000708200000, 0x0000000708400000|  0%| F|  |TAMS 0x0000000708200000, 0x0000000708200000| Untracked 
|  55|0x0000000708400000, 0x0000000708400000, 0x0000000708600000|  0%| F|  |TAMS 0x0000000708400000, 0x0000000708400000| Untracked 
|  56|0x0000000708600000, 0x0000000708600000, 0x0000000708800000|  0%| F|  |TAMS 0x0000000708600000, 0x0000000708600000| Untracked 
|  57|0x0000000708800000, 0x0000000708800000, 0x0000000708a00000|  0%| F|  |TAMS 0x0000000708800000, 0x0000000708800000| Untracked 
|  58|0x0000000708a00000, 0x0000000708a00000, 0x0000000708c00000|  0%| F|  |TAMS 0x0000000708a00000, 0x0000000708a00000| Untracked 
|  59|0x0000000708c00000, 0x0000000708c00000, 0x0000000708e00000|  0%| F|  |TAMS 0x0000000708c00000, 0x0000000708c00000| Untracked 
|  60|0x0000000708e00000, 0x0000000708e00000, 0x0000000709000000|  0%| F|  |TAMS 0x0000000708e00000, 0x0000000708e00000| Untracked 
|  61|0x0000000709000000, 0x0000000709000000, 0x0000000709200000|  0%| F|  |TAMS 0x0000000709000000, 0x0000000709000000| Untracked 
|  62|0x0000000709200000, 0x0000000709200000, 0x0000000709400000|  0%| F|  |TAMS 0x0000000709200000, 0x0000000709200000| Untracked 
|  63|0x0000000709400000, 0x0000000709400000, 0x0000000709600000|  0%| F|  |TAMS 0x0000000709400000, 0x0000000709400000| Untracked 
|  64|0x0000000709600000, 0x0000000709600000, 0x0000000709800000|  0%| F|  |TAMS 0x0000000709600000, 0x0000000709600000| Untracked 
|  65|0x0000000709800000, 0x0000000709800000, 0x0000000709a00000|  0%| F|  |TAMS 0x0000000709800000, 0x0000000709800000| Untracked 
|  66|0x0000000709a00000, 0x0000000709a00000, 0x0000000709c00000|  0%| F|  |TAMS 0x0000000709a00000, 0x0000000709a00000| Untracked 
|  67|0x0000000709c00000, 0x0000000709c00000, 0x0000000709e00000|  0%| F|  |TAMS 0x0000000709c00000, 0x0000000709c00000| Untracked 
|  68|0x0000000709e00000, 0x0000000709e00000, 0x000000070a000000|  0%| F|  |TAMS 0x0000000709e00000, 0x0000000709e00000| Untracked 
|  69|0x000000070a000000, 0x000000070a000000, 0x000000070a200000|  0%| F|  |TAMS 0x000000070a000000, 0x000000070a000000| Untracked 
|  70|0x000000070a200000, 0x000000070a200000, 0x000000070a400000|  0%| F|  |TAMS 0x000000070a200000, 0x000000070a200000| Untracked 
|  71|0x000000070a400000, 0x000000070a400000, 0x000000070a600000|  0%| F|  |TAMS 0x000000070a400000, 0x000000070a400000| Untracked 
|  72|0x000000070a600000, 0x000000070a600000, 0x000000070a800000|  0%| F|  |TAMS 0x000000070a600000, 0x000000070a600000| Untracked 
|  73|0x000000070a800000, 0x000000070a800000, 0x000000070aa00000|  0%| F|  |TAMS 0x000000070a800000, 0x000000070a800000| Untracked 
|  74|0x000000070aa00000, 0x000000070aa00000, 0x000000070ac00000|  0%| F|  |TAMS 0x000000070aa00000, 0x000000070aa00000| Untracked 
|  75|0x000000070ac00000, 0x000000070ac00000, 0x000000070ae00000|  0%| F|  |TAMS 0x000000070ac00000, 0x000000070ac00000| Untracked 
|  76|0x000000070ae00000, 0x000000070ae00000, 0x000000070b000000|  0%| F|  |TAMS 0x000000070ae00000, 0x000000070ae00000| Untracked 
|  77|0x000000070b000000, 0x000000070b000000, 0x000000070b200000|  0%| F|  |TAMS 0x000000070b000000, 0x000000070b000000| Untracked 
|  78|0x000000070b200000, 0x000000070b200000, 0x000000070b400000|  0%| F|  |TAMS 0x000000070b200000, 0x000000070b200000| Untracked 
|  79|0x000000070b400000, 0x000000070b400000, 0x000000070b600000|  0%| F|  |TAMS 0x000000070b400000, 0x000000070b400000| Untracked 
|  80|0x000000070b600000, 0x000000070b600000, 0x000000070b800000|  0%| F|  |TAMS 0x000000070b600000, 0x000000070b600000| Untracked 
|  81|0x000000070b800000, 0x000000070b800000, 0x000000070ba00000|  0%| F|  |TAMS 0x000000070b800000, 0x000000070b800000| Untracked 
|  82|0x000000070ba00000, 0x000000070ba00000, 0x000000070bc00000|  0%| F|  |TAMS 0x000000070ba00000, 0x000000070ba00000| Untracked 
|  83|0x000000070bc00000, 0x000000070bc00000, 0x000000070be00000|  0%| F|  |TAMS 0x000000070bc00000, 0x000000070bc00000| Untracked 
|  84|0x000000070be00000, 0x000000070be00000, 0x000000070c000000|  0%| F|  |TAMS 0x000000070be00000, 0x000000070be00000| Untracked 
|  85|0x000000070c000000, 0x000000070c000000, 0x000000070c200000|  0%| F|  |TAMS 0x000000070c000000, 0x000000070c000000| Untracked 
|  86|0x000000070c200000, 0x000000070c200000, 0x000000070c400000|  0%| F|  |TAMS 0x000000070c200000, 0x000000070c200000| Untracked 
|  87|0x000000070c400000, 0x000000070c400000, 0x000000070c600000|  0%| F|  |TAMS 0x000000070c400000, 0x000000070c400000| Untracked 
|  88|0x000000070c600000, 0x000000070c600000, 0x000000070c800000|  0%| F|  |TAMS 0x000000070c600000, 0x000000070c600000| Untracked 
|  89|0x000000070c800000, 0x000000070c800000, 0x000000070ca00000|  0%| F|  |TAMS 0x000000070c800000, 0x000000070c800000| Untracked 
|  90|0x000000070ca00000, 0x000000070ca00000, 0x000000070cc00000|  0%| F|  |TAMS 0x000000070ca00000, 0x000000070ca00000| Untracked 
|  91|0x000000070cc00000, 0x000000070cc00000, 0x000000070ce00000|  0%| F|  |TAMS 0x000000070cc00000, 0x000000070cc00000| Untracked 
|  92|0x000000070ce00000, 0x000000070ce00000, 0x000000070d000000|  0%| F|  |TAMS 0x000000070ce00000, 0x000000070ce00000| Untracked 
|  93|0x000000070d000000, 0x000000070d000000, 0x000000070d200000|  0%| F|  |TAMS 0x000000070d000000, 0x000000070d000000| Untracked 
|  94|0x000000070d200000, 0x000000070d200000, 0x000000070d400000|  0%| F|  |TAMS 0x000000070d200000, 0x000000070d200000| Untracked 
|  95|0x000000070d400000, 0x000000070d400000, 0x000000070d600000|  0%| F|  |TAMS 0x000000070d400000, 0x000000070d400000| Untracked 
|  96|0x000000070d600000, 0x000000070d600000, 0x000000070d800000|  0%| F|  |TAMS 0x000000070d600000, 0x000000070d600000| Untracked 
|  97|0x000000070d800000, 0x000000070d800000, 0x000000070da00000|  0%| F|  |TAMS 0x000000070d800000, 0x000000070d800000| Untracked 
|  98|0x000000070da00000, 0x000000070da00000, 0x000000070dc00000|  0%| F|  |TAMS 0x000000070da00000, 0x000000070da00000| Untracked 
|  99|0x000000070dc00000, 0x000000070dc00000, 0x000000070de00000|  0%| F|  |TAMS 0x000000070dc00000, 0x000000070dc00000| Untracked 
| 100|0x000000070de00000, 0x000000070de00000, 0x000000070e000000|  0%| F|  |TAMS 0x000000070de00000, 0x000000070de00000| Untracked 
| 101|0x000000070e000000, 0x000000070e000000, 0x000000070e200000|  0%| F|  |TAMS 0x000000070e000000, 0x000000070e000000| Untracked 
| 102|0x000000070e200000, 0x000000070e200000, 0x000000070e400000|  0%| F|  |TAMS 0x000000070e200000, 0x000000070e200000| Untracked 
| 103|0x000000070e400000, 0x000000070e400000, 0x000000070e600000|  0%| F|  |TAMS 0x000000070e400000, 0x000000070e400000| Untracked 
| 104|0x000000070e600000, 0x000000070e600000, 0x000000070e800000|  0%| F|  |TAMS 0x000000070e600000, 0x000000070e600000| Untracked 
| 105|0x000000070e800000, 0x000000070e800000, 0x000000070ea00000|  0%| F|  |TAMS 0x000000070e800000, 0x000000070e800000| Untracked 
| 106|0x000000070ea00000, 0x000000070ea00000, 0x000000070ec00000|  0%| F|  |TAMS 0x000000070ea00000, 0x000000070ea00000| Untracked 
| 107|0x000000070ec00000, 0x000000070ec00000, 0x000000070ee00000|  0%| F|  |TAMS 0x000000070ec00000, 0x000000070ec00000| Untracked 
| 108|0x000000070ee00000, 0x000000070ee00000, 0x000000070f000000|  0%| F|  |TAMS 0x000000070ee00000, 0x000000070ee00000| Untracked 
| 109|0x000000070f000000, 0x000000070f000000, 0x000000070f200000|  0%| F|  |TAMS 0x000000070f000000, 0x000000070f000000| Untracked 
| 110|0x000000070f200000, 0x000000070f200000, 0x000000070f400000|  0%| F|  |TAMS 0x000000070f200000, 0x000000070f200000| Untracked 
| 111|0x000000070f400000, 0x000000070f400000, 0x000000070f600000|  0%| F|  |TAMS 0x000000070f400000, 0x000000070f400000| Untracked 
| 112|0x000000070f600000, 0x000000070f600000, 0x000000070f800000|  0%| F|  |TAMS 0x000000070f600000, 0x000000070f600000| Untracked 
| 113|0x000000070f800000, 0x000000070f800000, 0x000000070fa00000|  0%| F|  |TAMS 0x000000070f800000, 0x000000070f800000| Untracked 
| 114|0x000000070fa00000, 0x000000070fa00000, 0x000000070fc00000|  0%| F|  |TAMS 0x000000070fa00000, 0x000000070fa00000| Untracked 
| 115|0x000000070fc00000, 0x000000070fc00000, 0x000000070fe00000|  0%| F|  |TAMS 0x000000070fc00000, 0x000000070fc00000| Untracked 
| 116|0x000000070fe00000, 0x000000070fe00000, 0x0000000710000000|  0%| F|  |TAMS 0x000000070fe00000, 0x000000070fe00000| Untracked 
| 117|0x0000000710000000, 0x0000000710000000, 0x0000000710200000|  0%| F|  |TAMS 0x0000000710000000, 0x0000000710000000| Untracked 
| 118|0x0000000710200000, 0x0000000710200000, 0x0000000710400000|  0%| F|  |TAMS 0x0000000710200000, 0x0000000710200000| Untracked 
| 119|0x0000000710400000, 0x0000000710400000, 0x0000000710600000|  0%| F|  |TAMS 0x0000000710400000, 0x0000000710400000| Untracked 
| 120|0x0000000710600000, 0x0000000710600000, 0x0000000710800000|  0%| F|  |TAMS 0x0000000710600000, 0x0000000710600000| Untracked 
| 121|0x0000000710800000, 0x0000000710a00000, 0x0000000710a00000|100%| S|CS|TAMS 0x0000000710800000, 0x0000000710800000| Complete 
| 122|0x0000000710a00000, 0x0000000710a00000, 0x0000000710c00000|  0%| F|  |TAMS 0x0000000710a00000, 0x0000000710a00000| Untracked 
| 123|0x0000000710c00000, 0x0000000710c00000, 0x0000000710e00000|  0%| F|  |TAMS 0x0000000710c00000, 0x0000000710c00000| Untracked 
| 124|0x0000000710e00000, 0x0000000710e00000, 0x0000000711000000|  0%| F|  |TAMS 0x0000000710e00000, 0x0000000710e00000| Untracked 
| 125|0x0000000711000000, 0x0000000711000000, 0x0000000711200000|  0%| F|  |TAMS 0x0000000711000000, 0x0000000711000000| Untracked 
| 126|0x0000000711200000, 0x000000071124f1f8, 0x0000000711400000| 15%| E|  |TAMS 0x0000000711200000, 0x0000000711200000| Complete 
| 127|0x0000000711400000, 0x0000000711600000, 0x0000000711600000|100%| E|CS|TAMS 0x0000000711400000, 0x0000000711400000| Complete 

Card table byte_map: [0x000002334d650000,0x000002334de50000] _byte_map_base: 0x0000023349e45000

Marking Bits (Prev, Next): (CMBitMap*) 0x000002334265c490, (CMBitMap*) 0x000002334265c4d0
 Prev Bits: [0x000002334e650000, 0x00000233525f8000)
 Next Bits: [0x0000023352600000, 0x00000233565a8000)

Polling page: 0x00000233405f0000

Metaspace:

Usage:
  Non-class:    849.21 KB used.
      Class:     81.94 KB used.
       Both:    931.15 KB used.

Virtual space:
  Non-class space:        8.00 MB reserved,     896.00 KB ( 11%) committed,  1 nodes.
      Class space:        1.00 GB reserved,     192.00 KB ( <1%) committed,  1 nodes.
             Both:        1.01 GB reserved,       1.06 MB ( <1%) committed. 

Chunk freelists:
   Non-Class:  3.97 MB
       Class:  3.74 MB
        Both:  7.72 MB

MaxMetaspaceSize: unlimited
CompressedClassSpaceSize: 1.00 GB
Initial GC threshold: 21.00 MB
Current GC threshold: 21.00 MB
CDS: on
MetaspaceReclaimPolicy: balanced
 - commit_granule_bytes: 65536.
 - commit_granule_words: 8192.
 - virtual_space_node_default_size: 1048576.
 - enlarge_chunks_in_place: 1.
 - new_chunks_are_fully_committed: 0.
 - uncommit_free_chunks: 1.
 - use_allocation_guard: 0.
 - handle_deallocations: 1.


Internal statistics:

num_allocs_failed_limit: 0.
num_arena_births: 14.
num_arena_deaths: 0.
num_vsnodes_births: 2.
num_vsnodes_deaths: 0.
num_space_committed: 17.
num_space_uncommitted: 0.
num_chunks_returned_to_freelist: 0.
num_chunks_taken_from_freelist: 17.
num_chunk_merges: 0.
num_chunk_splits: 8.
num_chunks_enlarged: 5.
num_purges: 0.
num_inconsistent_stats: 0.

CodeCache: size=49152Kb used=2901Kb max_used=2901Kb free=46250Kb
 bounds [0x0000023349e50000, 0x000002334a130000, 0x000002334ce50000]
 total_blobs=890 nmethods=495 adapters=321
 compilation: enabled
              stopped_count=0, restarted_count=0
 full_count=0

Compilation events (20 events):
Event: 0.528 Thread 0x00000233589c9490  484       1       java.util.Arrays::equals (57 bytes)
Event: 0.528 Thread 0x00000233589c9490 nmethod 484 0x000002334a11d310 code [0x000002334a11d4c0, 0x000002334a11d748]
Event: 0.528 Thread 0x00000233589c9490  485       1       java.lang.invoke.MemberName::initResolved (53 bytes)
Event: 0.529 Thread 0x00000233589c9490 nmethod 485 0x000002334a11d890 code [0x000002334a11da20, 0x000002334a11db38]
Event: 0.540 Thread 0x000002335959e650  486       1       jdk.internal.org.objectweb.asm.Symbol::<init> (38 bytes)
Event: 0.540 Thread 0x000002335959e650 nmethod 486 0x000002334a11db90 code [0x000002334a11dd20, 0x000002334a11df18]
Event: 0.540 Thread 0x000002335959daa0  487       1       jdk.internal.org.objectweb.asm.SymbolTable::put (150 bytes)
Event: 0.540 Thread 0x000002335959e650  488       1       jdk.internal.org.objectweb.asm.ByteVector::putShort (52 bytes)
Event: 0.540 Thread 0x000002335959daa0 nmethod 487 0x000002334a11df90 code [0x000002334a11e160, 0x000002334a11e738]
Event: 0.541 Thread 0x000002335959e650 nmethod 488 0x000002334a11e990 code [0x000002334a11eb40, 0x000002334a11ecc8]
Event: 0.544 Thread 0x000002335959e650  489 %     1       java.util.Properties$LineReader::readLine @ 53 (584 bytes)
Event: 0.546 Thread 0x000002335959daa0  491       1       sun.invoke.util.VerifyAccess::isTypeVisible (118 bytes)
Event: 0.546 Thread 0x000002335959e650 nmethod 489% 0x000002334a120610 code [0x000002334a1208a0, 0x000002334a121cb8]
Event: 0.546 Thread 0x00000233589c9490  492       1       java.lang.invoke.MethodHandles$Lookup::lookupClass (5 bytes)
Event: 0.547 Thread 0x00000233589c9490 nmethod 492 0x000002334a122e10 code [0x000002334a122fa0, 0x000002334a123078]
Event: 0.547 Thread 0x000002335959e650  493       1       java.lang.invoke.MethodType::checkPtypes (76 bytes)
Event: 0.547 Thread 0x000002335959e650 nmethod 493 0x000002334a123110 code [0x000002334a123300, 0x000002334a123708]
Event: 0.548 Thread 0x000002335959daa0 nmethod 491 0x000002334a123c90 code [0x000002334a123f20, 0x000002334a124858]
Event: 0.548 Thread 0x000002335959daa0  495       1       jdk.internal.org.objectweb.asm.SymbolTable$Entry::<init> (17 bytes)
Event: 0.548 Thread 0x000002335959daa0 nmethod 495 0x000002334a124e10 code [0x000002334a124fa0, 0x000002334a1250c8]

GC Heap History (2 events):
Event: 0.476 GC heap before
{Heap before GC invocations=0 (full 0):
 garbage-first heap   total 262144K, used 10240K [0x0000000701600000, 0x0000000800000000)
  region size 2048K, 6 young (12288K), 0 survivors (0K)
 Metaspace       used 688K, committed 832K, reserved 1056768K
  class space    used 56K, committed 128K, reserved 1048576K
}
Event: 0.482 GC heap after
{Heap after GC invocations=1 (full 0):
 garbage-first heap   total 262144K, used 8802K [0x0000000701600000, 0x0000000800000000)
  region size 2048K, 1 young (2048K), 1 survivors (2048K)
 Metaspace       used 688K, committed 832K, reserved 1056768K
  class space    used 56K, committed 128K, reserved 1048576K
}

Deoptimization events (0 events):
No events

Classes unloaded (0 events):
No events

Classes redefined (0 events):
No events

Internal exceptions (2 events):
Event: 0.377 Thread 0x00000233589c7440 Exception <a 'java/lang/NoSuchMethodError'{0x000000071103a948}: 'java.lang.Object java.lang.invoke.DirectMethodHandle$Holder.invokeStaticInit(java.lang.Object, int)'> (0x000000071103a948) 
thrown [s\open\src\hotspot\share\interpreter\linkResolver.cpp, line 759]
Event: 0.540 Thread 0x0000023359bcba40 Exception <a 'java/lang/NoSuchMethodError'{0x0000000711229d78}: 'java.lang.Object java.lang.invoke.DirectMethodHandle$Holder.invokeStaticInit(java.lang.Object)'> (0x0000000711229d78) 
thrown [s\open\src\hotspot\share\interpreter\linkResolver.cpp, line 759]

VM Operations (6 events):
Event: 0.308 Executing VM operation: HandshakeAllThreads
Event: 0.308 Executing VM operation: HandshakeAllThreads done
Event: 0.476 Executing VM operation: G1CollectForAllocation
Event: 0.483 Executing VM operation: G1CollectForAllocation done
Event: 0.527 Executing VM operation: HandshakeAllThreads
Event: 0.527 Executing VM operation: HandshakeAllThreads done

Events (20 events):
Event: 0.542 loading class sun/net/InetAddressCachePolicy$1 done
Event: 0.542 loading class sun/nio/ch/NioSocketImpl
Event: 0.543 loading class sun/net/PlatformSocketImpl
Event: 0.543 loading class sun/net/PlatformSocketImpl done
Event: 0.543 loading class sun/nio/ch/NioSocketImpl done
Event: 0.543 loading class sun/nio/ch/SocketDispatcher
Event: 0.544 loading class sun/nio/ch/NativeDispatcher
Event: 0.544 loading class sun/nio/ch/NativeDispatcher done
Event: 0.544 loading class sun/nio/ch/SocketDispatcher done
Event: 0.545 loading class sun/nio/ch/IOUtil
Event: 0.545 loading class sun/net/InetAddressCachePolicy$2
Event: 0.545 loading class sun/net/InetAddressCachePolicy$2 done
Event: 0.545 loading class java/net/InetAddress$CachedAddresses
Event: 0.545 loading class sun/nio/ch/IOUtil done
Event: 0.545 loading class java/net/InetAddress$CachedAddresses done
Event: 0.547 loading class java/util/concurrent/atomic/Striped64$1
Event: 0.547 loading class java/util/concurrent/atomic/Striped64$1 done
Event: 0.547 loading class java/lang/management/ManagementFactory
Event: 0.548 loading class java/lang/management/ManagementFactory done
Event: 0.549 loading class java/net/SocksSocketImpl


Dynamic libraries:
0x00007ff6d4dc0000 - 0x00007ff6d4dd0000 	C:\Program Files\Java\jdk-17.0.5\bin\java.exe
0x00007ffd712b0000 - 0x00007ffd714a8000 	C:\Windows\SYSTEM32\ntdll.dll
0x00007ffd6f9f0000 - 0x00007ffd6fab2000 	C:\Windows\System32\KERNEL32.DLL
0x00007ffd6efa0000 - 0x00007ffd6f296000 	C:\Windows\System32\KERNELBASE.dll
0x00007ffd6ebc0000 - 0x00007ffd6ecc0000 	C:\Windows\System32\ucrtbase.dll
0x00007ffd557a0000 - 0x00007ffd557ba000 	C:\Program Files\Java\jdk-17.0.5\bin\VCRUNTIME140.dll
0x00007ffd6bcc0000 - 0x00007ffd6bcd8000 	C:\Program Files\Java\jdk-17.0.5\bin\jli.dll
0x00007ffd6fc60000 - 0x00007ffd6fd11000 	C:\Windows\System32\ADVAPI32.dll
0x00007ffd706d0000 - 0x00007ffd7076e000 	C:\Windows\System32\msvcrt.dll
0x00007ffd70890000 - 0x00007ffd7092f000 	C:\Windows\System32\sechost.dll
0x00007ffd6fb40000 - 0x00007ffd6fc60000 	C:\Windows\System32\RPCRT4.dll
0x00007ffd6f2a0000 - 0x00007ffd6f2c7000 	C:\Windows\System32\bcrypt.dll
0x00007ffd6f2d0000 - 0x00007ffd6f471000 	C:\Windows\System32\USER32.dll
0x00007ffd6ed50000 - 0x00007ffd6ed72000 	C:\Windows\System32\win32u.dll
0x00007ffd70130000 - 0x00007ffd7015b000 	C:\Windows\System32\GDI32.dll
0x00007ffd6ee80000 - 0x00007ffd6ef99000 	C:\Windows\System32\gdi32full.dll
0x00007ffd6eb20000 - 0x00007ffd6ebbd000 	C:\Windows\System32\msvcp_win.dll
0x00007ffd561c0000 - 0x00007ffd5645b000 	C:\Windows\WinSxS\amd64_microsoft.windows.common-controls_6595b64144ccf1df_6.0.19041.6456_none_60b8a6cb71f64256\COMCTL32.dll
0x00007ffd668f0000 - 0x00007ffd668fa000 	C:\Windows\SYSTEM32\VERSION.dll
0x00007ffd6f620000 - 0x00007ffd6f64f000 	C:\Windows\System32\IMM32.DLL
0x00007ffd5e920000 - 0x00007ffd5e92c000 	C:\Program Files\Java\jdk-17.0.5\bin\vcruntime140_1.dll
0x00007ffd48c70000 - 0x00007ffd48cfd000 	C:\Program Files\Java\jdk-17.0.5\bin\msvcp140.dll
0x00007ffd151c0000 - 0x00007ffd15d82000 	C:\Program Files\Java\jdk-17.0.5\bin\server\jvm.dll
0x00007ffd70160000 - 0x00007ffd70168000 	C:\Windows\System32\PSAPI.DLL
0x00007ffd64910000 - 0x00007ffd64919000 	C:\Windows\SYSTEM32\WSOCK32.dll
0x00007ffd5f480000 - 0x00007ffd5f4a7000 	C:\Windows\SYSTEM32\WINMM.dll
0x00007ffd6f480000 - 0x00007ffd6f4eb000 	C:\Windows\System32\WS2_32.dll
0x00007ffd6c7d0000 - 0x00007ffd6c7e2000 	C:\Windows\SYSTEM32\kernel.appcore.dll
0x00007ffd55e50000 - 0x00007ffd55e5a000 	C:\Program Files\Java\jdk-17.0.5\bin\jimage.dll
0x00007ffd5da30000 - 0x00007ffd5dc31000 	C:\Windows\SYSTEM32\DBGHELP.DLL
0x00007ffd48bc0000 - 0x00007ffd48bf4000 	C:\Windows\SYSTEM32\dbgcore.DLL
0x00007ffd6ecc0000 - 0x00007ffd6ed42000 	C:\Windows\System32\bcryptPrimitives.dll
0x00007ffd52c20000 - 0x00007ffd52c2e000 	C:\Program Files\Java\jdk-17.0.5\bin\instrument.dll
0x00007ffd54b00000 - 0x00007ffd54b25000 	C:\Program Files\Java\jdk-17.0.5\bin\java.dll
0x00007ffd40f30000 - 0x00007ffd41006000 	C:\Program Files\Java\jdk-17.0.5\bin\jsvml.dll
0x00007ffd70ae0000 - 0x00007ffd71250000 	C:\Windows\System32\SHELL32.dll
0x00007ffd6c9d0000 - 0x00007ffd6d175000 	C:\Windows\SYSTEM32\windows.storage.dll
0x00007ffd6fdd0000 - 0x00007ffd70124000 	C:\Windows\System32\combase.dll
0x00007ffd6e370000 - 0x00007ffd6e39b000 	C:\Windows\SYSTEM32\Wldp.dll
0x00007ffd6f650000 - 0x00007ffd6f71d000 	C:\Windows\System32\OLEAUT32.dll
0x00007ffd6f8e0000 - 0x00007ffd6f98d000 	C:\Windows\System32\SHCORE.dll
0x00007ffd6f800000 - 0x00007ffd6f85b000 	C:\Windows\System32\shlwapi.dll
0x00007ffd6e870000 - 0x00007ffd6e894000 	C:\Windows\SYSTEM32\profapi.dll
0x00007ffd51e40000 - 0x00007ffd51e58000 	C:\Program Files\Java\jdk-17.0.5\bin\zip.dll
0x00007ffd54d30000 - 0x00007ffd54d49000 	C:\Program Files\Java\jdk-17.0.5\bin\net.dll
0x00007ffd67670000 - 0x00007ffd6777a000 	C:\Windows\SYSTEM32\WINHTTP.dll
0x00007ffd6e060000 - 0x00007ffd6e0ca000 	C:\Windows\system32\mswsock.dll
0x00007ffd51e60000 - 0x00007ffd51e76000 	C:\Program Files\Java\jdk-17.0.5\bin\nio.dll
0x00007ffd6dd80000 - 0x00007ffd6de4a000 	C:\Windows\SYSTEM32\DNSAPI.dll
0x00007ffd6dd40000 - 0x00007ffd6dd7b000 	C:\Windows\SYSTEM32\IPHLPAPI.DLL
0x00007ffd6fac0000 - 0x00007ffd6fac8000 	C:\Windows\System32\NSI.dll
0x0000000062430000 - 0x0000000062456000 	C:\Program Files\Bonjour\mdnsNSP.dll
0x00007ffd54a50000 - 0x00007ffd54a5a000 	C:\Windows\System32\rasadhlp.dll
0x00007ffd54d50000 - 0x00007ffd54dd0000 	C:\Windows\System32\fwpuclnt.dll
0x00007ffd53c20000 - 0x00007ffd53c29000 	C:\Program Files\Java\jdk-17.0.5\bin\management.dll

dbghelp: loaded successfully - version: 4.0.5 - missing functions: none
symbol engine: initialized successfully - sym options: 0x614 - pdb path: .;C:\Program Files\Java\jdk-17.0.5\bin;C:\Windows\SYSTEM32;C:\Windows\WinSxS\amd64_microsoft.windows.common-controls_6595b64144ccf1df_6.0.19041.6456_none_60b8a6cb71f64256;C:\Program Files\Java\jdk-17.0.5\bin\server;C:\Program Files\Bonjour

VM Arguments:
jvm_args: -XX:TieredStopAtLevel=1 -Dspring.output.ansi.enabled=always -Dcom.sun.management.jmxremote -Dspring.jmx.enabled=true -Dspring.liveBeansView.mbeanDomain -Dspring.application.admin.enabled=true -Dmanagement.endpoints.jmx.exposure.include=* -javaagent:E:\newintelij\IntelliJ IDEA 2025.1\lib\idea_rt.jar=57014 -Dfile.encoding=UTF-8 
java_command: org.solutions.produitservice.ProduitServiceApplication
java_class_path (initial): C:\Users\luien\Desktop\EMSI\ACE\produit-service\target\classes;C:\Users\luien\.m2\repository\org\springframework\boot\spring-boot-starter-data-jpa\4.0.0\spring-boot-starter-data-jpa-4.0.0.jar;C:\Users\luien\.m2\repository\org\springframework\boot\spring-boot-starter\4.0.0\spring-boot-starter-4.0.0.jar;C:\Users\luien\.m2\repository\org\springframework\boot\spring-boot-starter-logging\4.0.0\spring-boot-starter-logging-4.0.0.jar;C:\Users\luien\.m2\repository\ch\qos\logback\logback-classic\1.5.21\logback-classic-1.5.21.jar;C:\Users\luien\.m2\repository\ch\qos\logback\logback-core\1.5.21\logback-core-1.5.21.jar;C:\Users\luien\.m2\repository\org\apache\logging\log4j\log4j-to-slf4j\2.25.2\log4j-to-slf4j-2.25.2.jar;C:\Users\luien\.m2\repository\org\apache\logging\log4j\log4j-api\2.25.2\log4j-api-2.25.2.jar;C:\Users\luien\.m2\repository\org\slf4j\jul-to-slf4j\2.0.17\jul-to-slf4j-2.0.17.jar;C:\Users\luien\.m2\repository\jakarta\annotation\jakarta.annotation-api\3.0.0\jakarta.annotation-api-3.0.0.jar;C:\Users\luien\.m2\repository\org\yaml\snakeyaml\2.5\snakeyaml-2.5.jar;C:\Users\luien\.m2\repository\org\springframework\boot\spring-boot-starter-jdbc\4.0.0\spring-boot-starter-jdbc-4.0.0.jar;C:\Users\luien\.m2\repository\com\zaxxer\HikariCP\7.0.2\HikariCP-7.0.2.jar;C:\Users\luien\.m2\repository\org\springframework\boot\spring-boot-data-jpa\4.0.0\spring-boot-data-jpa-4.0.0.jar;C:\Users\luien\.m2\repository\org\springframework\boot\spring-boot-data-commons\4.0.0\spring-boot-data-commons-4.0.0.jar;C:\Users\luien\.m2\repository\org\springframework\boot\spring-boot-persistence\4.0.0\spring-boot-persistence-4.0.0.jar;C:\Users\luien\.m2\repository\org\springframework\data\spring-data-commons\4.0.0\spring-data-commons-4.0.0.jar;C:\Users\luien\.m2\repository\org\springframework\boot\spring-boot-hibernate\4.0.0\spring-boot-hibernate-4.0.0.jar;C:\Users\luien\.m2\repository\org\springframework\boot\spring-boot-jpa\4.0.0\spring-boot-jpa-4.0.0.jar;C:\Users\luien\.m
Launcher Type: SUN_STANDARD

[Global flags]
     intx CICompilerCount                          = 3                                         {product} {ergonomic}
     uint ConcGCThreads                            = 1                                         {product} {ergonomic}
     uint G1ConcRefinementThreads                  = 4                                         {product} {ergonomic}
   size_t G1HeapRegionSize                         = 2097152                                   {product} {ergonomic}
    uintx GCDrainStackTargetSize                   = 64                                        {product} {ergonomic}
   size_t InitialHeapSize                          = 268435456                                 {product} {ergonomic}
     bool ManagementServer                         = true                                      {product} {command line}
   size_t MarkStackSize                            = 4194304                                   {product} {ergonomic}
   size_t MaxHeapSize                              = 4271898624                                {product} {ergonomic}
   size_t MaxNewSize                               = 2562719744                                {product} {ergonomic}
   size_t MinHeapDeltaBytes                        = 2097152                                   {product} {ergonomic}
   size_t MinHeapSize                              = 8388608                                   {product} {ergonomic}
    uintx NonProfiledCodeHeapSize                  = 0                                      {pd product} {ergonomic}
     bool ProfileInterpreter                       = false                                  {pd product} {command line}
    uintx ProfiledCodeHeapSize                     = 0                                      {pd product} {ergonomic}
   size_t SoftMaxHeapSize                          = 4271898624                             {manageable} {ergonomic}
     intx TieredStopAtLevel                        = 1                                         {product} {command line}
     bool UseCompressedClassPointers               = true                           {product lp64_product} {ergonomic}
     bool UseCompressedOops                        = true                           {product lp64_product} {ergonomic}
     bool UseG1GC                                  = true                                      {product} {ergonomic}
     bool UseLargePagesIndividualAllocation        = false                                  {pd product} {ergonomic}

Logging:
Log output configuration:
 #0: stdout all=warning uptime,level,tags
 #1: stderr all=off uptime,level,tags

Environment Variables:
PATH=E:\vmware\bin\;E:\c21\dbhomeXE\bin;E:\Oracle\Emsi\dbhomeXE\bin;C:\Program Files\Common Files\Oracle\Java\javapath;C:\Python310\Scripts\;C:\Python310\;C:\Windows\system32;C:\Windows;C:\Windows\System32\Wbem;C:\Windows\System32\WindowsPowerShell\v1.0\;C:\Windows\System32\OpenSSH\;C:\Program Files (x86)\NVIDIA Corporation\PhysX\Common;C:\Program Files\Python39;C:\ProgramData\chocolatey\bin;E:\xampp\php;C:\ProgramData\ComposerSetup\bin;C:\Users\luien\AppData\Roaming\nvm;C:\Program Files\nodejs;C:\Program Files\Docker\Docker\resources\bin;E:\msys64\mingw64\bin;E:\Git\cmd;C:\Program Files\NVIDIA Corporation\NVIDIA app\NvDLISR;C:\Users\luien\development\flutter\bin;C:\Users\luien\scoop\shims;C:\Users\luien\AppData\Local\Microsoft\WindowsApps;C:\Users\luien\AppData\Local\Programs\Microsoft VS Code\bin;C:\Program Files\Python39;C:\Users\luien\AppData\Local\GitHubDesktop\bin;C:\Users\luien\AppData\Roaming\npm;E:\MongoDB\Server\6.0\bin;E:\mongodb-database-tools-windows-x86_64-100.6.0\bin;C:\Users\luien\AppData\Roaming\Composer\vendor\bin;E:\xampp\php;E:\mongosh\mongosh-1.6.0-win32-x64\bin;C:\Users\luien\Desktop\sonarqube-8.9.10.61524\sonarqube-8.9.10.61524\bin\windows-x86-64;C:\Program Files\Common Files\Oracle\Java\javapath;C:\Users\luien\AppData\Roaming\nvm;C:\Program Files\nodejs;E:\CLion 2023.3.2\bin;;C:\Users\luien\AppData\Local\Programs\MiKTeX\miktex\bin\x64\;E:\JetBrains Rider 2024.1.2\bin;;E:\cursor\resources\app\bin
USERNAME=luien
OS=Windows_NT
PROCESSOR_IDENTIFIER=Intel64 Family 6 Model 60 Stepping 3, GenuineIntel



---------------  S Y S T E M  ---------------

OS:
 Windows 10 , 64 bit Build 19041 (10.0.19041.5915)
OS uptime: 0 days 12:28 hours

CPU: total 4 (initial active 4) (4 cores per cpu, 1 threads per core) family 6 model 60 stepping 3 microcode 0x27, cx8, cmov, fxsr, mmx, sse, sse2, sse3, ssse3, sse4.1, sse4.2, popcnt, lzcnt, tsc, tscinvbit, avx, avx2, aes, erms, clmul, bmi1, bmi2, fma, vzeroupper, clflush

Memory: 4k page, system-wide physical 16295M (2712M free)
TotalPageFile size 20391M (AvailPageFile size 5M)
current process WorkingSet (physical memory assigned to process): 56M, peak: 56M
current process commit charge ("private bytes"): 338M, peak: 338M

vm_info: Java HotSpot(TM) 64-Bit Server VM (17.0.5+9-LTS-191) for windows-amd64 JRE (17.0.5+9-LTS-191), built on Sep 13 2022 17:31:43 by "mach5one" with MS VC++ 16.8 / 16.9 (VS2019)

END.
